<?xml version="1.0" encoding="UTF-8"?>
<testng-results ignored="0" total="1" passed="1" failed="0" skipped="0">
  <reporter-output>
  </reporter-output>
  <suite started-at="2024-12-24T14:58:53 IST" name="Default suite" finished-at="2024-12-24T14:58:53 IST" duration-ms="86">
    <groups>
    </groups>
    <test started-at="2024-12-24T14:58:53 IST" name="Default test" finished-at="2024-12-24T14:58:53 IST" duration-ms="86">
      <class name="apipractice.DifferentwaysToCreatePostRequest">
        <test-method signature="postusingexternalFile()[pri:1, instance:apipractice.DifferentwaysToCreatePostRequest@6e0f5f7f]" started-at="2024-12-24T14:58:53 IST" name="postusingexternalFile" finished-at="2024-12-24T14:58:53 IST" duration-ms="15" status="PASS">
          <reporter-output>
          </reporter-output>
        </test-method> <!-- postusingexternalFile -->
      </class> <!-- apipractice.DifferentwaysToCreatePostRequest -->
    </test> <!-- Default test -->
  </suite> <!-- Default suite -->
</testng-results>
